C:/Users/richa/Desktop/iapel/app/Http/Middleware/AntiSpamMiddleware.php:71: warning: Example C:/Users/richa/Desktop/iapel/app/Http/Middleware/AntiSpamMiddleware.php was already documented. Ignoring documentation found here.
C:/Users/richa/Desktop/iapel/app/Http/Middleware/AntiSpamMiddleware.php:84: warning: Example C:/Users/richa/Desktop/iapel/app/Http/Middleware/AntiSpamMiddleware.php was already documented. Ignoring documentation found here.
C:/Users/richa/Desktop/iapel/app/Http/Middleware/VerifTokenMiddleware.php:68: warning: Example C:/Users/richa/Desktop/iapel/app/Http/Middleware/VerifTokenMiddleware.php was already documented. Ignoring documentation found here.
C:/Users/richa/Desktop/iapel/app/Http/Middleware/VerifTokenMiddleware.php:78: warning: Example C:/Users/richa/Desktop/iapel/app/Http/Middleware/VerifTokenMiddleware.php was already documented. Ignoring documentation found here.
C:/Users/richa/Desktop/iapel/app/Http/Middleware/VerifTokenWithHeaderMiddleware.php:72: warning: Example C:/Users/richa/Desktop/iapel/app/Http/Middleware/VerifTokenWithHeaderMiddleware.php was already documented. Ignoring documentation found here.
C:/Users/richa/Desktop/iapel/app/Http/Middleware/VerifTokenWithHeaderMiddleware.php:121: warning: Example C:/Users/richa/Desktop/iapel/app/Http/Middleware/VerifTokenWithHeaderMiddleware.php was already documented. Ignoring documentation found here.
C:/Users/richa/Desktop/iapel/app/Http/Middleware/VerifTokenWithHeaderMiddleware.php:141: warning: Example C:/Users/richa/Desktop/iapel/app/Http/Middleware/VerifTokenWithHeaderMiddleware.php was already documented. Ignoring documentation found here.
C:/Users/richa/Desktop/iapel/app/Models/layou_client.php:83: warning: Example C:/Users/richa/Desktop/iapel/app/Models/layou_client.php was already documented. Ignoring documentation found here.
C:/Users/richa/Desktop/iapel/app/Models/layou_client.php:110: warning: Example C:/Users/richa/Desktop/iapel/app/Models/layou_client.php was already documented. Ignoring documentation found here.
C:/Users/richa/Desktop/iapel/app/Models/Token.php:125: warning: Example C:/Users/richa/Desktop/iapel/app/Models/Token.php was already documented. Ignoring documentation found here.
C:/Users/richa/Desktop/iapel/app/Models/Token.php:152: warning: Example C:/Users/richa/Desktop/iapel/app/Models/Token.php was already documented. Ignoring documentation found here.
C:/Users/richa/Desktop/iapel/app/Models/Token.php:206: warning: Example C:/Users/richa/Desktop/iapel/app/Models/Token.php was already documented. Ignoring documentation found here.
C:/Users/richa/Desktop/iapel/app/Models/Token.php:232: warning: Example C:/Users/richa/Desktop/iapel/app/Models/Token.php was already documented. Ignoring documentation found here.
C:/Users/richa/Desktop/iapel/app/Models/Token.php:257: warning: Example C:/Users/richa/Desktop/iapel/app/Models/Token.php was already documented. Ignoring documentation found here.
C:/Users/richa/Desktop/iapel/app/Models/Token.php:284: warning: Example C:/Users/richa/Desktop/iapel/app/Models/Token.php was already documented. Ignoring documentation found here.
C:/Users/richa/Desktop/iapel/app/Models/TokenLinksRapport.php:92: warning: Example C:/Users/richa/Desktop/iapel/app/Models/TokenLinksRapport.php was already documented. Ignoring documentation found here.
C:/Users/richa/Desktop/iapel/app/Models/User.php:100: warning: Example C:/Users/richa/Desktop/iapel/app/Models/User.php was already documented. Ignoring documentation found here.
C:/Users/richa/Desktop/iapel/app/Models/User.php:123: warning: Example C:/Users/richa/Desktop/iapel/app/Models/User.php was already documented. Ignoring documentation found here.
C:/Users/richa/Desktop/iapel/app/Models/User.php:145: warning: Example C:/Users/richa/Desktop/iapel/app/Models/User.php was already documented. Ignoring documentation found here.
C:/Users/richa/Desktop/iapel/app/Providers/AppServiceProvider.php:60: warning: Example C:/Users/richa/Desktop/iapel/app/Providers/AppServiceProvider.php was already documented. Ignoring documentation found here.
C:/Users/richa/Desktop/iapel/app/Providers/AppServiceProvider.php:125: warning: Example C:/Users/richa/Desktop/iapel/app/Providers/AppServiceProvider.php was already documented. Ignoring documentation found here.
C:/Users/richa/Desktop/iapel/app/Providers/AppServiceProvider.php:149: warning: Example C:/Users/richa/Desktop/iapel/app/Providers/AppServiceProvider.php was already documented. Ignoring documentation found here.
C:/Users/richa/Desktop/iapel/app/Models/layou_client.php:52: warning: documented symbol 'string Nom de la table App::Models::layou_client::layout_client' was not declared or defined.
C:/Users/richa/Desktop/iapel/app/Models/Token.php:70: warning: documented symbol 'array< string > Liste des attributs mass App::Models::Token::assignables' was not declared or defined.
C:/Users/richa/Desktop/iapel/app/Models/TokenLinksRapport.php:42: warning: documented symbol 'array< string > Liste des attributs mass App::Models::TokenLinksRapport::assignables' was not declared or defined.
C:/Users/richa/Desktop/iapel/app/Models/TokenLinksRapport.php:49: warning: documented symbol 'string Nom de la table utilisée pour ce App::Models::TokenLinksRapport::modèle' was not declared or defined.
C:/Users/richa/Desktop/iapel/app/Models/TokenLinksRapport.php:56: warning: documented symbol 'bool False pour désactiver les colonnes created_at updated_at App::Models::TokenLinksRapport::automatiques' was not declared or defined.
C:/Users/richa/Desktop/iapel/app/Models/User.php:61: warning: documented symbol 'list< string > Liste des attributs mass App::Models::User::assignables' was not declared or defined.
C:/Users/richa/Desktop/iapel/app/Models/User.php:79: warning: documented symbol 'list< string > Liste des attributs à App::Models::User::cacher' was not declared or defined.
C:/Users/richa/Desktop/iapel/app/Http/Controllers/PdfController.php:471: warning: Found unknown command '\Symfony'
C:/Users/richa/Desktop/iapel/app/Http/Controllers/PdfController.php:471: warning: Found unknown command '\Component'
C:/Users/richa/Desktop/iapel/app/Http/Controllers/PdfController.php:471: warning: Found unknown command '\HttpFoundation'
C:/Users/richa/Desktop/iapel/app/Http/Controllers/PdfController.php:471: warning: Found unknown command '\BinaryFileResponse'
C:/Users/richa/Desktop/iapel/app/Http/Controllers/PdfController.php:471: warning: Found unknown command '\Illuminate'
C:/Users/richa/Desktop/iapel/app/Http/Controllers/PdfController.php:471: warning: Found unknown command '\Http'
C:/Users/richa/Desktop/iapel/app/Http/Controllers/PdfController.php:471: warning: Found unknown command '\JsonResponse'
C:/Users/richa/Desktop/iapel/app/Http/Controllers/PdfController.php:474: warning: unexpected token TK_COMMAND_BS in comment block while parsing the argument of command throws
C:/Users/richa/Desktop/iapel/app/Http/Controllers/PdfController.php:474: warning: Found unknown command '\Http'
C:/Users/richa/Desktop/iapel/app/Http/Controllers/PdfController.php:474: warning: Found unknown command '\Exceptions'
C:/Users/richa/Desktop/iapel/app/Http/Controllers/PdfController.php:474: warning: Found unknown command '\HttpResponseException'
C:/Users/richa/Desktop/iapel/app/Http/Controllers/PdfController.php:475: warning: unexpected token TK_COMMAND_BS in comment block while parsing the argument of command throws
C:/Users/richa/Desktop/iapel/app/Http/Controllers/PdfController.php:483: warning: included file 'GET' is not found. Check your EXAMPLE_PATH
C:/Users/richa/Desktop/iapel/app/Http/Controllers/PdfController.php:805: warning: included file 'formatTexte' is not found. Check your EXAMPLE_PATH
C:/Users/richa/Desktop/iapel/app/Models/TokenLinksRapport.php:97: warning: unexpected token TK_COMMAND_BS in comment block while parsing the argument of command throws
C:/Users/richa/Desktop/iapel/app/Models/TokenLinksRapport.php:97: warning: Found unknown command '\Database'
C:/Users/richa/Desktop/iapel/app/Models/TokenLinksRapport.php:97: warning: Found unknown command '\QueryException'
C:/Users/richa/Desktop/iapel/app/Http/Controllers/BiController.php:681: warning: The following parameter of BiController::delete(class Request $request, $token) is not documented:
  parameter '$token'
C:/Users/richa/Desktop/iapel/app/Http/Controllers/BiController.php:169: warning: Found unknown command '\Symfony'
C:/Users/richa/Desktop/iapel/app/Http/Controllers/BiController.php:169: warning: Found unknown command '\Component'
C:/Users/richa/Desktop/iapel/app/Http/Controllers/BiController.php:169: warning: Found unknown command '\HttpFoundation'
C:/Users/richa/Desktop/iapel/app/Http/Controllers/BiController.php:169: warning: Found unknown command '\BinaryFileResponse'
C:/Users/richa/Desktop/iapel/app/Http/Controllers/BiController.php:501: warning: argument '$client' of command @param is not found in the argument list of BiController::listSavedDocs($entreprise, class Request $request)
C:/Users/richa/Desktop/iapel/app/Http/Controllers/BiController.php:501: warning: The following parameters of BiController::listSavedDocs($entreprise, class Request $request) are not documented:
  parameter '$entreprise'
  parameter '$request'
C:/Users/richa/Desktop/iapel/app/Http/Controllers/BiController.php:243: warning: Found unknown command '\Illuminate'
C:/Users/richa/Desktop/iapel/app/Http/Controllers/BiController.php:243: warning: Found unknown command '\View'
C:/Users/richa/Desktop/iapel/app/Http/Controllers/BiController.php:287: warning: The following parameter of BiController::submit(class Request $request, $token) is not documented:
  parameter '$token'
C:/Users/richa/Desktop/iapel/app/Http/Controllers/DevisController.php:108: warning: unexpected token TK_COMMAND_BS in comment block while parsing the argument of command throws
C:/Users/richa/Desktop/iapel/app/Http/Controllers/DevisController.php:108: warning: Found unknown command '\Http'
C:/Users/richa/Desktop/iapel/app/Http/Controllers/DevisController.php:108: warning: Found unknown command '\Exceptions'
C:/Users/richa/Desktop/iapel/app/Http/Controllers/DevisController.php:108: warning: Found unknown command '\HttpResponseException'
C:/Users/richa/Desktop/iapel/app/Http/Controllers/DevisController.php:109: warning: unexpected token TK_COMMAND_BS in comment block while parsing the argument of command throws
C:/Users/richa/Desktop/iapel/app/Http/Controllers/DevisController.php:39: warning: unexpected token TK_COMMAND_BS in comment block while parsing the argument of command throws
C:/Users/richa/Desktop/iapel/app/Http/Controllers/DevisController.php:39: warning: Found unknown command '\Http'
C:/Users/richa/Desktop/iapel/app/Http/Controllers/DevisController.php:39: warning: Found unknown command '\Exceptions'
C:/Users/richa/Desktop/iapel/app/Http/Controllers/DevisController.php:39: warning: Found unknown command '\HttpResponseException'
C:/Users/richa/Desktop/iapel/app/Http/Controllers/DevisController.php:40: warning: unexpected token TK_COMMAND_BS in comment block while parsing the argument of command throws
C:/Users/richa/Desktop/iapel/app/Http/Controllers/PdfController.php:208: warning: Found unknown command '\Symfony'
C:/Users/richa/Desktop/iapel/app/Http/Controllers/PdfController.php:208: warning: Found unknown command '\Component'
C:/Users/richa/Desktop/iapel/app/Http/Controllers/PdfController.php:208: warning: Found unknown command '\HttpFoundation'
C:/Users/richa/Desktop/iapel/app/Http/Controllers/PdfController.php:208: warning: Found unknown command '\BinaryFileResponse'
C:/Users/richa/Desktop/iapel/app/Http/Controllers/PdfController.php:208: warning: Found unknown command '\Illuminate'
C:/Users/richa/Desktop/iapel/app/Http/Controllers/PdfController.php:208: warning: Found unknown command '\Http'
C:/Users/richa/Desktop/iapel/app/Http/Controllers/PdfController.php:208: warning: Found unknown command '\JsonResponse'
C:/Users/richa/Desktop/iapel/app/Http/Controllers/PdfController.php:211: warning: unexpected token TK_COMMAND_BS in comment block while parsing the argument of command throws
C:/Users/richa/Desktop/iapel/app/Http/Controllers/PdfController.php:211: warning: Found unknown command '\Http'
C:/Users/richa/Desktop/iapel/app/Http/Controllers/PdfController.php:211: warning: Found unknown command '\Exceptions'
C:/Users/richa/Desktop/iapel/app/Http/Controllers/PdfController.php:211: warning: Found unknown command '\HttpResponseException'
C:/Users/richa/Desktop/iapel/app/Http/Controllers/PdfController.php:212: warning: unexpected token TK_COMMAND_BS in comment block while parsing the argument of command throws
C:/Users/richa/Desktop/iapel/app/Http/Controllers/PdfController.php:834: warning: Found unknown command '\Symfony'
C:/Users/richa/Desktop/iapel/app/Http/Controllers/PdfController.php:834: warning: Found unknown command '\Component'
C:/Users/richa/Desktop/iapel/app/Http/Controllers/PdfController.php:834: warning: Found unknown command '\HttpFoundation'
C:/Users/richa/Desktop/iapel/app/Http/Controllers/PdfController.php:834: warning: Found unknown command '\BinaryFileResponse'
C:/Users/richa/Desktop/iapel/app/Http/Controllers/PdfController.php:834: warning: Found unknown command '\Illuminate'
C:/Users/richa/Desktop/iapel/app/Http/Controllers/PdfController.php:834: warning: Found unknown command '\Http'
C:/Users/richa/Desktop/iapel/app/Http/Controllers/PdfController.php:834: warning: Found unknown command '\JsonResponse'
C:/Users/richa/Desktop/iapel/app/Http/Controllers/PdfController.php:837: warning: unexpected token TK_COMMAND_BS in comment block while parsing the argument of command throws
C:/Users/richa/Desktop/iapel/app/Http/Controllers/PdfController.php:837: warning: Found unknown command '\Http'
C:/Users/richa/Desktop/iapel/app/Http/Controllers/PdfController.php:837: warning: Found unknown command '\Exceptions'
C:/Users/richa/Desktop/iapel/app/Http/Controllers/PdfController.php:837: warning: Found unknown command '\HttpResponseException'
C:/Users/richa/Desktop/iapel/app/Http/Controllers/PdfController.php:838: warning: unexpected token TK_COMMAND_BS in comment block while parsing the argument of command throws
C:/Users/richa/Desktop/iapel/app/Providers/AppServiceProvider.php:22: warning: Found unknown command '\Http'
C:/Users/richa/Desktop/iapel/app/Providers/AppServiceProvider.php:22: warning: Found unknown command '\Controllers'
C:/Users/richa/Desktop/iapel/app/Providers/AppServiceProvider.php:30: warning: Found unknown command '\Http'
C:/Users/richa/Desktop/iapel/app/Providers/AppServiceProvider.php:30: warning: Found unknown command '\Controllers'
C:/Users/richa/Desktop/iapel/app/Providers/AppServiceProvider.php:44: warning: Found unknown command '\Http'
C:/Users/richa/Desktop/iapel/app/Providers/AppServiceProvider.php:44: warning: Found unknown command '\Controllers'
C:/Users/richa/Desktop/iapel/app/Providers/AppServiceProvider.php:47: warning: Found unknown command '\Http'
C:/Users/richa/Desktop/iapel/app/Providers/AppServiceProvider.php:47: warning: Found unknown command '\Controllers'
C:/Users/richa/Desktop/iapel/app/Providers/AppServiceProvider.php:54: warning: Found unknown command '\Http'
C:/Users/richa/Desktop/iapel/app/Providers/AppServiceProvider.php:54: warning: Found unknown command '\Controllers'
C:/Users/richa/Desktop/iapel/app/Providers/AppServiceProvider.php:61: warning: Found unknown command '\Http'
C:/Users/richa/Desktop/iapel/app/Providers/AppServiceProvider.php:61: warning: Found unknown command '\Controllers'
C:/Users/richa/Desktop/iapel/app/Providers/AppServiceProvider.php:68: warning: Found unknown command '\Http'
C:/Users/richa/Desktop/iapel/app/Providers/AppServiceProvider.php:68: warning: Found unknown command '\Middleware'
C:/Users/richa/Desktop/iapel/app/Providers/AppServiceProvider.php:77: warning: Found unknown command '\Http'
C:/Users/richa/Desktop/iapel/app/Providers/AppServiceProvider.php:77: warning: Found unknown command '\Middleware'
C:/Users/richa/Desktop/iapel/app/Providers/AppServiceProvider.php:87: warning: Found unknown command '\Http'
C:/Users/richa/Desktop/iapel/app/Providers/AppServiceProvider.php:87: warning: Found unknown command '\Middleware'
C:/Users/richa/Desktop/iapel/app/Providers/AppServiceProvider.php:97: warning: Found unknown command '\Models'
C:/Users/richa/Desktop/iapel/app/Providers/AppServiceProvider.php:106: warning: Found unknown command '\Models'
C:/Users/richa/Desktop/iapel/app/Providers/AppServiceProvider.php:116: warning: Found unknown command '\Models'
C:/Users/richa/Desktop/iapel/app/Providers/AppServiceProvider.php:126: warning: Found unknown command '\Models'
C:/Users/richa/Desktop/iapel/app/Providers/AppServiceProvider.php:134: warning: Found unknown command '\Database'
C:/Users/richa/Desktop/iapel/app/Providers/AppServiceProvider.php:134: warning: Found unknown command '\Factories'
C:/Users/richa/Desktop/iapel/app/Providers/AppServiceProvider.php:134: warning: Found unknown command '\UserFactory'
C:/Users/richa/Desktop/iapel/app/Providers/AppServiceProvider.php:136: warning: Found unknown command '\Providers'
C:/Users/richa/Desktop/iapel/app/Providers/AppServiceProvider.php:143: warning: Found unknown command '\Illuminate'
C:/Users/richa/Desktop/iapel/app/Providers/AppServiceProvider.php:143: warning: Found unknown command '\Support'
C:/Users/richa/Desktop/iapel/app/Providers/AppServiceProvider.php:143: warning: Found unknown command '\ServiceProvider'
C:/Users/richa/Desktop/iapel/app/Http/Controllers/BiController.php:681: warning: The following parameter of App::Http::Controllers::BiController::delete(class Request $request, $token) is not documented:
  parameter '$token'
C:/Users/richa/Desktop/iapel/app/Http/Controllers/BiController.php:501: warning: argument '$client' of command @param is not found in the argument list of App::Http::Controllers::BiController::listSavedDocs($entreprise, class Request $request)
C:/Users/richa/Desktop/iapel/app/Http/Controllers/BiController.php:501: warning: The following parameters of App::Http::Controllers::BiController::listSavedDocs($entreprise, class Request $request) are not documented:
  parameter '$entreprise'
  parameter '$request'
C:/Users/richa/Desktop/iapel/app/Http/Controllers/BiController.php:287: warning: The following parameter of App::Http::Controllers::BiController::submit(class Request $request, $token) is not documented:
  parameter '$token'
C:/Users/richa/Desktop/iapel/README.md:19: warning: unable to resolve reference to 'aperçu' for \ref command
C:/Users/richa/Desktop/iapel/README.md:20: warning: unable to resolve reference to 'architecture-et-organisation-du-code' for \ref command
C:/Users/richa/Desktop/iapel/README.md:21: warning: unable to resolve reference to 'prérequis' for \ref command
C:/Users/richa/Desktop/iapel/README.md:22: warning: unable to resolve reference to 'installation-et-démarrage-rapide' for \ref command
C:/Users/richa/Desktop/iapel/README.md:23: warning: unable to resolve reference to 'configuration-env' for \ref command
C:/Users/richa/Desktop/iapel/README.md:24: warning: unable to resolve reference to 'bases-de-données-et-migrations' for \ref command
C:/Users/richa/Desktop/iapel/README.md:25: warning: unable to resolve reference to 'développement' for \ref command
C:/Users/richa/Desktop/iapel/README.md:26: warning: unable to resolve reference to 'tests' for \ref command
C:/Users/richa/Desktop/iapel/README.md:27: warning: unable to resolve reference to 'qualité-style-et-sécurité' for \ref command
C:/Users/richa/Desktop/iapel/README.md:28: warning: unable to resolve reference to 'build-front-optionnel' for \ref command
C:/Users/richa/Desktop/iapel/README.md:29: warning: unable to resolve reference to 'tâches-planifiées-et-files-optionnel' for \ref command
C:/Users/richa/Desktop/iapel/README.md:30: warning: unable to resolve reference to 'journalisation-et-observabilité' for \ref command
C:/Users/richa/Desktop/iapel/README.md:31: warning: unable to resolve reference to 'performance-et-cache' for \ref command
C:/Users/richa/Desktop/iapel/README.md:32: warning: unable to resolve reference to 'déploiement' for \ref command
C:/Users/richa/Desktop/iapel/README.md:33: warning: unable to resolve reference to 'dépannage-faq' for \ref command
C:/Users/richa/Desktop/iapel/README.md:34: warning: unable to resolve reference to 'contribuer' for \ref command
C:/Users/richa/Desktop/iapel/README.md:35: warning: unable to resolve reference to 'licence' for \ref command
C:/Users/richa/Desktop/iapel/README.md:36: warning: unable to resolve reference to 'crédits' for \ref command
C:/Users/richa/Desktop/iapel/docs/html/d1/d13/classApp_1_1Http_1_1Controllers_1_1TokenController__coll__graph.dot:1: error: Problems running dot: exit code=-1, command='dot.exe', arguments='"C:/Users/richa/Desktop/iapel/docs/html/d1/d13/classApp_1_1Http_1_1Controllers_1_1TokenController__coll__graph.dot" -Tsvg -o "C:/Users/richa/Desktop/iapel/docs/html/d1/d13/classApp_1_1Http_1_1Controllers_1_1TokenController__coll__graph.svg" -Tcmapx -o "C:/Users/richa/Desktop/iapel/docs/html/d1/d13/classApp_1_1Http_1_1Controllers_1_1TokenController__coll__graph.map"'
C:/Users/richa/Desktop/iapel/docs/html/d0/d3d/classApp_1_1Http_1_1Controllers_1_1TokenLinksRapport__coll__graph.dot:1: error: Problems running dot: exit code=-1, command='dot.exe', arguments='"C:/Users/richa/Desktop/iapel/docs/html/d0/d3d/classApp_1_1Http_1_1Controllers_1_1TokenLinksRapport__coll__graph.dot" -Tsvg -o "C:/Users/richa/Desktop/iapel/docs/html/d0/d3d/classApp_1_1Http_1_1Controllers_1_1TokenLinksRapport__coll__graph.svg" -Tcmapx -o "C:/Users/richa/Desktop/iapel/docs/html/d0/d3d/classApp_1_1Http_1_1Controllers_1_1TokenLinksRapport__coll__graph.map"'
C:/Users/richa/Desktop/iapel/docs/html/d0/d2c/classApp_1_1Http_1_1Controllers_1_1DevisController__coll__graph.dot:1: error: Problems running dot: exit code=-1, command='dot.exe', arguments='"C:/Users/richa/Desktop/iapel/docs/html/d0/d2c/classApp_1_1Http_1_1Controllers_1_1DevisController__coll__graph.dot" -Tsvg -o "C:/Users/richa/Desktop/iapel/docs/html/d0/d2c/classApp_1_1Http_1_1Controllers_1_1DevisController__coll__graph.svg" -Tcmapx -o "C:/Users/richa/Desktop/iapel/docs/html/d0/d2c/classApp_1_1Http_1_1Controllers_1_1DevisController__coll__graph.map"'
C:/Users/richa/Desktop/iapel/docs/html/d1/dab/classApp_1_1Http_1_1Controllers_1_1Controller__inherit__graph.dot:1: error: Problems running dot: exit code=-1, command='dot.exe', arguments='"C:/Users/richa/Desktop/iapel/docs/html/d1/dab/classApp_1_1Http_1_1Controllers_1_1Controller__inherit__graph.dot" -Tsvg -o "C:/Users/richa/Desktop/iapel/docs/html/d1/dab/classApp_1_1Http_1_1Controllers_1_1Controller__inherit__graph.svg" -Tcmapx -o "C:/Users/richa/Desktop/iapel/docs/html/d1/dab/classApp_1_1Http_1_1Controllers_1_1Controller__inherit__graph.map"'
C:/Users/richa/Desktop/iapel/docs/html/d1/d78/classApp_1_1Models_1_1TokenLinksRapport__inherit__graph.dot:1: error: Problems running dot: exit code=-1, command='dot.exe', arguments='"C:/Users/richa/Desktop/iapel/docs/html/d1/d78/classApp_1_1Models_1_1TokenLinksRapport__inherit__graph.dot" -Tsvg -o "C:/Users/richa/Desktop/iapel/docs/html/d1/d78/classApp_1_1Models_1_1TokenLinksRapport__inherit__graph.svg" -Tcmapx -o "C:/Users/richa/Desktop/iapel/docs/html/d1/d78/classApp_1_1Models_1_1TokenLinksRapport__inherit__graph.map"'
C:/Users/richa/Desktop/iapel/docs/html/d0/d52/classToken__coll__graph.dot:1: error: Problems running dot: exit code=-1, command='dot.exe', arguments='"C:/Users/richa/Desktop/iapel/docs/html/d0/d52/classToken__coll__graph.dot" -Tsvg -o "C:/Users/richa/Desktop/iapel/docs/html/d0/d52/classToken__coll__graph.svg" -Tcmapx -o "C:/Users/richa/Desktop/iapel/docs/html/d0/d52/classToken__coll__graph.map"'
C:/Users/richa/Desktop/iapel/docs/html/d2/d6a/classApp_1_1Providers_1_1AppServiceProvider__coll__graph.dot:1: error: Problems running dot: exit code=-1, command='dot.exe', arguments='"C:/Users/richa/Desktop/iapel/docs/html/d2/d6a/classApp_1_1Providers_1_1AppServiceProvider__coll__graph.dot" -Tsvg -o "C:/Users/richa/Desktop/iapel/docs/html/d2/d6a/classApp_1_1Providers_1_1AppServiceProvider__coll__graph.svg" -Tcmapx -o "C:/Users/richa/Desktop/iapel/docs/html/d2/d6a/classApp_1_1Providers_1_1AppServiceProvider__coll__graph.map"'
C:/Users/richa/Desktop/iapel/docs/html/d3/d6a/classApp_1_1Models_1_1layou__client__inherit__graph.dot:1: error: Problems running dot: exit code=-1, command='dot.exe', arguments='"C:/Users/richa/Desktop/iapel/docs/html/d3/d6a/classApp_1_1Models_1_1layou__client__inherit__graph.dot" -Tsvg -o "C:/Users/richa/Desktop/iapel/docs/html/d3/d6a/classApp_1_1Models_1_1layou__client__inherit__graph.svg" -Tcmapx -o "C:/Users/richa/Desktop/iapel/docs/html/d3/d6a/classApp_1_1Models_1_1layou__client__inherit__graph.map"'
C:/Users/richa/Desktop/iapel/docs/html/d2/d1a/classTokenController__inherit__graph.dot:1: error: Problems running dot: exit code=-1, command='dot.exe', arguments='"C:/Users/richa/Desktop/iapel/docs/html/d2/d1a/classTokenController__inherit__graph.dot" -Tsvg -o "C:/Users/richa/Desktop/iapel/docs/html/d2/d1a/classTokenController__inherit__graph.svg" -Tcmapx -o "C:/Users/richa/Desktop/iapel/docs/html/d2/d1a/classTokenController__inherit__graph.map"'
C:/Users/richa/Desktop/iapel/docs/html/d4/d36/classApp_1_1Http_1_1Middleware_1_1TokenController__inherit__graph.dot:1: error: Problems running dot: exit code=-1, command='dot.exe', arguments='"C:/Users/richa/Desktop/iapel/docs/html/d4/d36/classApp_1_1Http_1_1Middleware_1_1TokenController__inherit__graph.dot" -Tsvg -o "C:/Users/richa/Desktop/iapel/docs/html/d4/d36/classApp_1_1Http_1_1Middleware_1_1TokenController__inherit__graph.svg" -Tcmapx -o "C:/Users/richa/Desktop/iapel/docs/html/d4/d36/classApp_1_1Http_1_1Middleware_1_1TokenController__inherit__graph.map"'
C:/Users/richa/Desktop/iapel/docs/html/d2/d6b/classPdfController__coll__graph.dot:1: error: Problems running dot: exit code=-1, command='dot.exe', arguments='"C:/Users/richa/Desktop/iapel/docs/html/d2/d6b/classPdfController__coll__graph.dot" -Tsvg -o "C:/Users/richa/Desktop/iapel/docs/html/d2/d6b/classPdfController__coll__graph.svg" -Tcmapx -o "C:/Users/richa/Desktop/iapel/docs/html/d2/d6b/classPdfController__coll__graph.map"'
C:/Users/richa/Desktop/iapel/docs/html/d4/d71/classApp_1_1Http_1_1Controllers_1_1Controller__coll__graph.dot:1: error: Problems running dot: exit code=-1, command='dot.exe', arguments='"C:/Users/richa/Desktop/iapel/docs/html/d4/d71/classApp_1_1Http_1_1Controllers_1_1Controller__coll__graph.dot" -Tsvg -o "C:/Users/richa/Desktop/iapel/docs/html/d4/d71/classApp_1_1Http_1_1Controllers_1_1Controller__coll__graph.svg" -Tcmapx -o "C:/Users/richa/Desktop/iapel/docs/html/d4/d71/classApp_1_1Http_1_1Controllers_1_1Controller__coll__graph.map"'
C:/Users/richa/Desktop/iapel/docs/html/d6/d07/classApp_1_1Http_1_1Controllers_1_1TokenController__inherit__graph.dot:1: error: Problems running dot: exit code=-1, command='dot.exe', arguments='"C:/Users/richa/Desktop/iapel/docs/html/d6/d07/classApp_1_1Http_1_1Controllers_1_1TokenController__inherit__graph.dot" -Tsvg -o "C:/Users/richa/Desktop/iapel/docs/html/d6/d07/classApp_1_1Http_1_1Controllers_1_1TokenController__inherit__graph.svg" -Tcmapx -o "C:/Users/richa/Desktop/iapel/docs/html/d6/d07/classApp_1_1Http_1_1Controllers_1_1TokenController__inherit__graph.map"'
C:/Users/richa/Desktop/iapel/docs/html/d6/d44/classApp_1_1Http_1_1Middleware_1_1TokenController__coll__graph.dot:1: error: Problems running dot: exit code=-1, command='dot.exe', arguments='"C:/Users/richa/Desktop/iapel/docs/html/d6/d44/classApp_1_1Http_1_1Middleware_1_1TokenController__coll__graph.dot" -Tsvg -o "C:/Users/richa/Desktop/iapel/docs/html/d6/d44/classApp_1_1Http_1_1Middleware_1_1TokenController__coll__graph.svg" -Tcmapx -o "C:/Users/richa/Desktop/iapel/docs/html/d6/d44/classApp_1_1Http_1_1Middleware_1_1TokenController__coll__graph.map"'
C:/Users/richa/Desktop/iapel/docs/html/d6/d19/classApp_1_1Http_1_1Controllers_1_1DevisController__inherit__graph.dot:1: error: Problems running dot: exit code=-1, command='dot.exe', arguments='"C:/Users/richa/Desktop/iapel/docs/html/d6/d19/classApp_1_1Http_1_1Controllers_1_1DevisController__inherit__graph.dot" -Tsvg -o "C:/Users/richa/Desktop/iapel/docs/html/d6/d19/classApp_1_1Http_1_1Controllers_1_1DevisController__inherit__graph.svg" -Tcmapx -o "C:/Users/richa/Desktop/iapel/docs/html/d6/d19/classApp_1_1Http_1_1Controllers_1_1DevisController__inherit__graph.map"'
C:/Users/richa/Desktop/iapel/docs/html/d4/d9e/classApp_1_1Models_1_1Token__inherit__graph.dot:1: error: Problems running dot: exit code=-1, command='dot.exe', arguments='"C:/Users/richa/Desktop/iapel/docs/html/d4/d9e/classApp_1_1Models_1_1Token__inherit__graph.dot" -Tsvg -o "C:/Users/richa/Desktop/iapel/docs/html/d4/d9e/classApp_1_1Models_1_1Token__inherit__graph.svg" -Tcmapx -o "C:/Users/richa/Desktop/iapel/docs/html/d4/d9e/classApp_1_1Models_1_1Token__inherit__graph.map"'
C:/Users/richa/Desktop/iapel/docs/html/d6/d08/classBiController__inherit__graph.dot:1: error: Problems running dot: exit code=-1, command='dot.exe', arguments='"C:/Users/richa/Desktop/iapel/docs/html/d6/d08/classBiController__inherit__graph.dot" -Tsvg -o "C:/Users/richa/Desktop/iapel/docs/html/d6/d08/classBiController__inherit__graph.svg" -Tcmapx -o "C:/Users/richa/Desktop/iapel/docs/html/d6/d08/classBiController__inherit__graph.map"'
C:/Users/richa/Desktop/iapel/docs/html/d6/d92/classApp_1_1Http_1_1Middleware_1_1AntiSpamMiddleware__coll__graph.dot:1: error: Problems running dot: exit code=-1, command='dot.exe', arguments='"C:/Users/richa/Desktop/iapel/docs/html/d6/d92/classApp_1_1Http_1_1Middleware_1_1AntiSpamMiddleware__coll__graph.dot" -Tsvg -o "C:/Users/richa/Desktop/iapel/docs/html/d6/d92/classApp_1_1Http_1_1Middleware_1_1AntiSpamMiddleware__coll__graph.svg" -Tcmapx -o "C:/Users/richa/Desktop/iapel/docs/html/d6/d92/classApp_1_1Http_1_1Middleware_1_1AntiSpamMiddleware__coll__graph.map"'
C:/Users/richa/Desktop/iapel/docs/html/d7/d4e/classApp_1_1Http_1_1Controllers_1_1layou__client__coll__graph.dot:1: error: Problems running dot: exit code=-1, command='dot.exe', arguments='"C:/Users/richa/Desktop/iapel/docs/html/d7/d4e/classApp_1_1Http_1_1Controllers_1_1layou__client__coll__graph.dot" -Tsvg -o "C:/Users/richa/Desktop/iapel/docs/html/d7/d4e/classApp_1_1Http_1_1Controllers_1_1layou__client__coll__graph.svg" -Tcmapx -o "C:/Users/richa/Desktop/iapel/docs/html/d7/d4e/classApp_1_1Http_1_1Controllers_1_1layou__client__coll__graph.map"'
C:/Users/richa/Desktop/iapel/docs/html/d8/de0/classApp_1_1Http_1_1Controllers_1_1SignatureController__inherit__graph.dot:1: error: Problems running dot: exit code=-1, command='dot.exe', arguments='"C:/Users/richa/Desktop/iapel/docs/html/d8/de0/classApp_1_1Http_1_1Controllers_1_1SignatureController__inherit__graph.dot" -Tsvg -o "C:/Users/richa/Desktop/iapel/docs/html/d8/de0/classApp_1_1Http_1_1Controllers_1_1SignatureController__inherit__graph.svg" -Tcmapx -o "C:/Users/richa/Desktop/iapel/docs/html/d8/de0/classApp_1_1Http_1_1Controllers_1_1SignatureController__inherit__graph.map"'
C:/Users/richa/Desktop/iapel/docs/html/d6/d5e/classAuthenticatable__coll__graph.dot:1: error: Problems running dot: exit code=-1, command='dot.exe', arguments='"C:/Users/richa/Desktop/iapel/docs/html/d6/d5e/classAuthenticatable__coll__graph.dot" -Tsvg -o "C:/Users/richa/Desktop/iapel/docs/html/d6/d5e/classAuthenticatable__coll__graph.svg" -Tcmapx -o "C:/Users/richa/Desktop/iapel/docs/html/d6/d5e/classAuthenticatable__coll__graph.map"'
C:/Users/richa/Desktop/iapel/docs/html/d8/df4/classApp_1_1Http_1_1Middleware_1_1VerifTokenMiddleware__coll__graph.dot:1: error: Problems running dot: exit code=-1, command='dot.exe', arguments='"C:/Users/richa/Desktop/iapel/docs/html/d8/df4/classApp_1_1Http_1_1Middleware_1_1VerifTokenMiddleware__coll__graph.dot" -Tsvg -o "C:/Users/richa/Desktop/iapel/docs/html/d8/df4/classApp_1_1Http_1_1Middleware_1_1VerifTokenMiddleware__coll__graph.svg" -Tcmapx -o "C:/Users/richa/Desktop/iapel/docs/html/d8/df4/classApp_1_1Http_1_1Middleware_1_1VerifTokenMiddleware__coll__graph.map"'
C:/Users/richa/Desktop/iapel/docs/html/d7/dfb/classModel__coll__graph.dot:1: error: Problems running dot: exit code=-1, command='dot.exe', arguments='"C:/Users/richa/Desktop/iapel/docs/html/d7/dfb/classModel__coll__graph.dot" -Tsvg -o "C:/Users/richa/Desktop/iapel/docs/html/d7/dfb/classModel__coll__graph.svg" -Tcmapx -o "C:/Users/richa/Desktop/iapel/docs/html/d7/dfb/classModel__coll__graph.map"'
C:/Users/richa/Desktop/iapel/docs/html/d9/d2b/classApp_1_1Models_1_1layou__client__coll__graph.dot:1: error: Problems running dot: exit code=-1, command='dot.exe', arguments='"C:/Users/richa/Desktop/iapel/docs/html/d9/d2b/classApp_1_1Models_1_1layou__client__coll__graph.dot" -Tsvg -o "C:/Users/richa/Desktop/iapel/docs/html/d9/d2b/classApp_1_1Models_1_1layou__client__coll__graph.svg" -Tcmapx -o "C:/Users/richa/Desktop/iapel/docs/html/d9/d2b/classApp_1_1Models_1_1layou__client__coll__graph.map"'
C:/Users/richa/Desktop/iapel/docs/html/da/d60/classApp_1_1Http_1_1Controllers_1_1BiController__inherit__graph.dot:1: error: Problems running dot: exit code=-1, command='dot.exe', arguments='"C:/Users/richa/Desktop/iapel/docs/html/da/d60/classApp_1_1Http_1_1Controllers_1_1BiController__inherit__graph.dot" -Tsvg -o "C:/Users/richa/Desktop/iapel/docs/html/da/d60/classApp_1_1Http_1_1Controllers_1_1BiController__inherit__graph.svg" -Tcmapx -o "C:/Users/richa/Desktop/iapel/docs/html/da/d60/classApp_1_1Http_1_1Controllers_1_1BiController__inherit__graph.map"'
C:/Users/richa/Desktop/iapel/docs/html/d9/dc5/classApp_1_1Http_1_1Controllers_1_1SignatureController__coll__graph.dot:1: error: Problems running dot: exit code=-1, command='dot.exe', arguments='"C:/Users/richa/Desktop/iapel/docs/html/d9/dc5/classApp_1_1Http_1_1Controllers_1_1SignatureController__coll__graph.dot" -Tsvg -o "C:/Users/richa/Desktop/iapel/docs/html/d9/dc5/classApp_1_1Http_1_1Controllers_1_1SignatureController__coll__graph.svg" -Tcmapx -o "C:/Users/richa/Desktop/iapel/docs/html/d9/dc5/classApp_1_1Http_1_1Controllers_1_1SignatureController__coll__graph.map"'
C:/Users/richa/Desktop/iapel/docs/html/da/d0b/classApp_1_1Http_1_1Controllers_1_1Token__inherit__graph.dot:1: error: Problems running dot: exit code=-1, command='dot.exe', arguments='"C:/Users/richa/Desktop/iapel/docs/html/da/d0b/classApp_1_1Http_1_1Controllers_1_1Token__inherit__graph.dot" -Tsvg -o "C:/Users/richa/Desktop/iapel/docs/html/da/d0b/classApp_1_1Http_1_1Controllers_1_1Token__inherit__graph.svg" -Tcmapx -o "C:/Users/richa/Desktop/iapel/docs/html/da/d0b/classApp_1_1Http_1_1Controllers_1_1Token__inherit__graph.map"'
C:/Users/richa/Desktop/iapel/docs/html/d9/d40/classSignatureController__inherit__graph.dot:1: error: Problems running dot: exit code=-1, command='dot.exe', arguments='"C:/Users/richa/Desktop/iapel/docs/html/d9/d40/classSignatureController__inherit__graph.dot" -Tsvg -o "C:/Users/richa/Desktop/iapel/docs/html/d9/d40/classSignatureController__inherit__graph.svg" -Tcmapx -o "C:/Users/richa/Desktop/iapel/docs/html/d9/d40/classSignatureController__inherit__graph.map"'
C:/Users/richa/Desktop/iapel/docs/html/d9/d4c/classSignatureController__coll__graph.dot:1: error: Problems running dot: exit code=-1, command='dot.exe', arguments='"C:/Users/richa/Desktop/iapel/docs/html/d9/d4c/classSignatureController__coll__graph.dot" -Tsvg -o "C:/Users/richa/Desktop/iapel/docs/html/d9/d4c/classSignatureController__coll__graph.svg" -Tcmapx -o "C:/Users/richa/Desktop/iapel/docs/html/d9/d4c/classSignatureController__coll__graph.map"'
C:/Users/richa/Desktop/iapel/docs/html/da/db1/classApp_1_1Http_1_1Controllers_1_1TokenLinksRapport__inherit__graph.dot:1: error: Problems running dot: exit code=-1, command='dot.exe', arguments='"C:/Users/richa/Desktop/iapel/docs/html/da/db1/classApp_1_1Http_1_1Controllers_1_1TokenLinksRapport__inherit__graph.dot" -Tsvg -o "C:/Users/richa/Desktop/iapel/docs/html/da/db1/classApp_1_1Http_1_1Controllers_1_1TokenLinksRapport__inherit__graph.svg" -Tcmapx -o "C:/Users/richa/Desktop/iapel/docs/html/da/db1/classApp_1_1Http_1_1Controllers_1_1TokenLinksRapport__inherit__graph.map"'
C:/Users/richa/Desktop/iapel/docs/html/da/dfd/classApp_1_1Providers_1_1AppServiceProvider__inherit__graph.dot:1: error: Problems running dot: exit code=-1, command='dot.exe', arguments='"C:/Users/richa/Desktop/iapel/docs/html/da/dfd/classApp_1_1Providers_1_1AppServiceProvider__inherit__graph.dot" -Tsvg -o "C:/Users/richa/Desktop/iapel/docs/html/da/dfd/classApp_1_1Providers_1_1AppServiceProvider__inherit__graph.svg" -Tcmapx -o "C:/Users/richa/Desktop/iapel/docs/html/da/dfd/classApp_1_1Providers_1_1AppServiceProvider__inherit__graph.map"'
C:/Users/richa/Desktop/iapel/docs/html/db/d02/classApp_1_1Models_1_1TokenLinksRapport__coll__graph.dot:1: error: Problems running dot: exit code=-1, command='dot.exe', arguments='"C:/Users/richa/Desktop/iapel/docs/html/db/d02/classApp_1_1Models_1_1TokenLinksRapport__coll__graph.dot" -Tsvg -o "C:/Users/richa/Desktop/iapel/docs/html/db/d02/classApp_1_1Models_1_1TokenLinksRapport__coll__graph.svg" -Tcmapx -o "C:/Users/richa/Desktop/iapel/docs/html/db/d02/classApp_1_1Models_1_1TokenLinksRapport__coll__graph.map"'
C:/Users/richa/Desktop/iapel/docs/html/da/d9b/classAuthenticatable__inherit__graph.dot:1: error: Problems running dot: exit code=-1, command='dot.exe', arguments='"C:/Users/richa/Desktop/iapel/docs/html/da/d9b/classAuthenticatable__inherit__graph.dot" -Tsvg -o "C:/Users/richa/Desktop/iapel/docs/html/da/d9b/classAuthenticatable__inherit__graph.svg" -Tcmapx -o "C:/Users/richa/Desktop/iapel/docs/html/da/d9b/classAuthenticatable__inherit__graph.map"'
C:/Users/richa/Desktop/iapel/docs/html/db/d72/classTokenController__coll__graph.dot:1: error: Problems running dot: exit code=-1, command='dot.exe', arguments='"C:/Users/richa/Desktop/iapel/docs/html/db/d72/classTokenController__coll__graph.dot" -Tsvg -o "C:/Users/richa/Desktop/iapel/docs/html/db/d72/classTokenController__coll__graph.svg" -Tcmapx -o "C:/Users/richa/Desktop/iapel/docs/html/db/d72/classTokenController__coll__graph.map"'
C:/Users/richa/Desktop/iapel/docs/html/db/d9b/classPdfController__inherit__graph.dot:1: error: Problems running dot: exit code=-1, command='dot.exe', arguments='"C:/Users/richa/Desktop/iapel/docs/html/db/d9b/classPdfController__inherit__graph.dot" -Tsvg -o "C:/Users/richa/Desktop/iapel/docs/html/db/d9b/classPdfController__inherit__graph.svg" -Tcmapx -o "C:/Users/richa/Desktop/iapel/docs/html/db/d9b/classPdfController__inherit__graph.map"'
C:/Users/richa/Desktop/iapel/docs/html/db/dd4/classApp_1_1Http_1_1Controllers_1_1layou__client__inherit__graph.dot:1: error: Problems running dot: exit code=-1, command='dot.exe', arguments='"C:/Users/richa/Desktop/iapel/docs/html/db/dd4/classApp_1_1Http_1_1Controllers_1_1layou__client__inherit__graph.dot" -Tsvg -o "C:/Users/richa/Desktop/iapel/docs/html/db/dd4/classApp_1_1Http_1_1Controllers_1_1layou__client__inherit__graph.svg" -Tcmapx -o "C:/Users/richa/Desktop/iapel/docs/html/db/dd4/classApp_1_1Http_1_1Controllers_1_1layou__client__inherit__graph.map"'
C:/Users/richa/Desktop/iapel/docs/html/dc/d0b/classApp_1_1Http_1_1Controllers_1_1PdfController__inherit__graph.dot:1: error: Problems running dot: exit code=-1, command='dot.exe', arguments='"C:/Users/richa/Desktop/iapel/docs/html/dc/d0b/classApp_1_1Http_1_1Controllers_1_1PdfController__inherit__graph.dot" -Tsvg -o "C:/Users/richa/Desktop/iapel/docs/html/dc/d0b/classApp_1_1Http_1_1Controllers_1_1PdfController__inherit__graph.svg" -Tcmapx -o "C:/Users/richa/Desktop/iapel/docs/html/dc/d0b/classApp_1_1Http_1_1Controllers_1_1PdfController__inherit__graph.map"'
C:/Users/richa/Desktop/iapel/docs/html/dc/d70/classApp_1_1Http_1_1Middleware_1_1TokenLinksRapport__coll__graph.dot:1: error: Problems running dot: exit code=-1, command='dot.exe', arguments='"C:/Users/richa/Desktop/iapel/docs/html/dc/d70/classApp_1_1Http_1_1Middleware_1_1TokenLinksRapport__coll__graph.dot" -Tsvg -o "C:/Users/richa/Desktop/iapel/docs/html/dc/d70/classApp_1_1Http_1_1Middleware_1_1TokenLinksRapport__coll__graph.svg" -Tcmapx -o "C:/Users/richa/Desktop/iapel/docs/html/dc/d70/classApp_1_1Http_1_1Middleware_1_1TokenLinksRapport__coll__graph.map"'
C:/Users/richa/Desktop/iapel/docs/html/dc/d67/classBiController__coll__graph.dot:1: error: Problems running dot: exit code=-1, command='dot.exe', arguments='"C:/Users/richa/Desktop/iapel/docs/html/dc/d67/classBiController__coll__graph.dot" -Tsvg -o "C:/Users/richa/Desktop/iapel/docs/html/dc/d67/classBiController__coll__graph.svg" -Tcmapx -o "C:/Users/richa/Desktop/iapel/docs/html/dc/d67/classBiController__coll__graph.map"'
C:/Users/richa/Desktop/iapel/docs/html/dc/def/classApp_1_1Http_1_1Middleware_1_1TokenLinksRapport__inherit__graph.dot:1: error: Problems running dot: exit code=-1, command='dot.exe', arguments='"C:/Users/richa/Desktop/iapel/docs/html/dc/def/classApp_1_1Http_1_1Middleware_1_1TokenLinksRapport__inherit__graph.dot" -Tsvg -o "C:/Users/richa/Desktop/iapel/docs/html/dc/def/classApp_1_1Http_1_1Middleware_1_1TokenLinksRapport__inherit__graph.svg" -Tcmapx -o "C:/Users/richa/Desktop/iapel/docs/html/dc/def/classApp_1_1Http_1_1Middleware_1_1TokenLinksRapport__inherit__graph.map"'
C:/Users/richa/Desktop/iapel/docs/html/dc/da6/classApp_1_1Models_1_1User__inherit__graph.dot:1: error: Problems running dot: exit code=-1, command='dot.exe', arguments='"C:/Users/richa/Desktop/iapel/docs/html/dc/da6/classApp_1_1Models_1_1User__inherit__graph.dot" -Tsvg -o "C:/Users/richa/Desktop/iapel/docs/html/dc/da6/classApp_1_1Models_1_1User__inherit__graph.svg" -Tcmapx -o "C:/Users/richa/Desktop/iapel/docs/html/dc/da6/classApp_1_1Models_1_1User__inherit__graph.map"'
C:/Users/richa/Desktop/iapel/docs/html/de/d33/classApp_1_1Http_1_1Controllers_1_1BiController__coll__graph.dot:1: error: Problems running dot: exit code=-1, command='dot.exe', arguments='"C:/Users/richa/Desktop/iapel/docs/html/de/d33/classApp_1_1Http_1_1Controllers_1_1BiController__coll__graph.dot" -Tsvg -o "C:/Users/richa/Desktop/iapel/docs/html/de/d33/classApp_1_1Http_1_1Controllers_1_1BiController__coll__graph.svg" -Tcmapx -o "C:/Users/richa/Desktop/iapel/docs/html/de/d33/classApp_1_1Http_1_1Controllers_1_1BiController__coll__graph.map"'
C:/Users/richa/Desktop/iapel/docs/html/dd/d8a/classApp_1_1Http_1_1Middleware_1_1VerifTokenWithHeaderMiddleware__coll__graph.dot:1: error: Problems running dot: exit code=-1, command='dot.exe', arguments='"C:/Users/richa/Desktop/iapel/docs/html/dd/d8a/classApp_1_1Http_1_1Middleware_1_1VerifTokenWithHeaderMiddleware__coll__graph.dot" -Tsvg -o "C:/Users/richa/Desktop/iapel/docs/html/dd/d8a/classApp_1_1Http_1_1Middleware_1_1VerifTokenWithHeaderMiddleware__coll__graph.svg" -Tcmapx -o "C:/Users/richa/Desktop/iapel/docs/html/dd/d8a/classApp_1_1Http_1_1Middleware_1_1VerifTokenWithHeaderMiddleware__coll__graph.map"'
C:/Users/richa/Desktop/iapel/docs/html/dd/d56/classToken__inherit__graph.dot:1: error: Problems running dot: exit code=-1, command='dot.exe', arguments='"C:/Users/richa/Desktop/iapel/docs/html/dd/d56/classToken__inherit__graph.dot" -Tsvg -o "C:/Users/richa/Desktop/iapel/docs/html/dd/d56/classToken__inherit__graph.svg" -Tcmapx -o "C:/Users/richa/Desktop/iapel/docs/html/dd/d56/classToken__inherit__graph.map"'
C:/Users/richa/Desktop/iapel/docs/html/de/d97/classApp_1_1Http_1_1Controllers_1_1Token__coll__graph.dot:1: error: Problems running dot: exit code=-1, command='dot.exe', arguments='"C:/Users/richa/Desktop/iapel/docs/html/de/d97/classApp_1_1Http_1_1Controllers_1_1Token__coll__graph.dot" -Tsvg -o "C:/Users/richa/Desktop/iapel/docs/html/de/d97/classApp_1_1Http_1_1Controllers_1_1Token__coll__graph.svg" -Tcmapx -o "C:/Users/richa/Desktop/iapel/docs/html/de/d97/classApp_1_1Http_1_1Controllers_1_1Token__coll__graph.map"'
C:/Users/richa/Desktop/iapel/docs/html/de/df3/classApp_1_1Http_1_1Controllers_1_1PdfController__coll__graph.dot:1: error: Problems running dot: exit code=-1, command='dot.exe', arguments='"C:/Users/richa/Desktop/iapel/docs/html/de/df3/classApp_1_1Http_1_1Controllers_1_1PdfController__coll__graph.dot" -Tsvg -o "C:/Users/richa/Desktop/iapel/docs/html/de/df3/classApp_1_1Http_1_1Controllers_1_1PdfController__coll__graph.svg" -Tcmapx -o "C:/Users/richa/Desktop/iapel/docs/html/de/df3/classApp_1_1Http_1_1Controllers_1_1PdfController__coll__graph.map"'
C:/Users/richa/Desktop/iapel/docs/html/de/d4a/classDevisController__coll__graph.dot:1: error: Problems running dot: exit code=-1, command='dot.exe', arguments='"C:/Users/richa/Desktop/iapel/docs/html/de/d4a/classDevisController__coll__graph.dot" -Tsvg -o "C:/Users/richa/Desktop/iapel/docs/html/de/d4a/classDevisController__coll__graph.svg" -Tcmapx -o "C:/Users/richa/Desktop/iapel/docs/html/de/d4a/classDevisController__coll__graph.map"'
C:/Users/richa/Desktop/iapel/docs/html/de/d9e/classDevisController__inherit__graph.dot:1: error: Problems running dot: exit code=-1, command='dot.exe', arguments='"C:/Users/richa/Desktop/iapel/docs/html/de/d9e/classDevisController__inherit__graph.dot" -Tsvg -o "C:/Users/richa/Desktop/iapel/docs/html/de/d9e/classDevisController__inherit__graph.svg" -Tcmapx -o "C:/Users/richa/Desktop/iapel/docs/html/de/d9e/classDevisController__inherit__graph.map"'
C:/Users/richa/Desktop/iapel/docs/html/de/d52/classModel__inherit__graph.dot:1: error: Problems running dot: exit code=-1, command='dot.exe', arguments='"C:/Users/richa/Desktop/iapel/docs/html/de/d52/classModel__inherit__graph.dot" -Tsvg -o "C:/Users/richa/Desktop/iapel/docs/html/de/d52/classModel__inherit__graph.svg" -Tcmapx -o "C:/Users/richa/Desktop/iapel/docs/html/de/d52/classModel__inherit__graph.map"'
C:/Users/richa/Desktop/iapel/docs/html/df/d07/classApp_1_1Models_1_1Token__coll__graph.dot:1: error: Problems running dot: exit code=-1, command='dot.exe', arguments='"C:/Users/richa/Desktop/iapel/docs/html/df/d07/classApp_1_1Models_1_1Token__coll__graph.dot" -Tsvg -o "C:/Users/richa/Desktop/iapel/docs/html/df/d07/classApp_1_1Models_1_1Token__coll__graph.svg" -Tcmapx -o "C:/Users/richa/Desktop/iapel/docs/html/df/d07/classApp_1_1Models_1_1Token__coll__graph.map"'
C:/Users/richa/Desktop/iapel/docs/html/df/d3a/classApp_1_1Models_1_1User__coll__graph.dot:1: error: Problems running dot: exit code=-1, command='dot.exe', arguments='"C:/Users/richa/Desktop/iapel/docs/html/df/d3a/classApp_1_1Models_1_1User__coll__graph.dot" -Tsvg -o "C:/Users/richa/Desktop/iapel/docs/html/df/d3a/classApp_1_1Models_1_1User__coll__graph.svg" -Tcmapx -o "C:/Users/richa/Desktop/iapel/docs/html/df/d3a/classApp_1_1Models_1_1User__coll__graph.map"'
C:/Users/richa/Desktop/iapel/docs/html/df/d7e/classServiceProvider__inherit__graph.dot:1: error: Problems running dot: exit code=-1, command='dot.exe', arguments='"C:/Users/richa/Desktop/iapel/docs/html/df/d7e/classServiceProvider__inherit__graph.dot" -Tsvg -o "C:/Users/richa/Desktop/iapel/docs/html/df/d7e/classServiceProvider__inherit__graph.svg" -Tcmapx -o "C:/Users/richa/Desktop/iapel/docs/html/df/d7e/classServiceProvider__inherit__graph.map"'
C:/Users/richa/Desktop/iapel/docs/html/df/d7d/classServiceProvider__coll__graph.dot:1: error: Problems running dot: exit code=-1, command='dot.exe', arguments='"C:/Users/richa/Desktop/iapel/docs/html/df/d7d/classServiceProvider__coll__graph.dot" -Tsvg -o "C:/Users/richa/Desktop/iapel/docs/html/df/d7d/classServiceProvider__coll__graph.svg" -Tcmapx -o "C:/Users/richa/Desktop/iapel/docs/html/df/d7d/classServiceProvider__coll__graph.map"'
C:/Users/richa/Desktop/iapel/docs/html/dir_0c4ee04d587063ecca91a7f35642b9f3_dep.dot:1: error: Problems running dot: exit code=-1, command='dot.exe', arguments='"C:/Users/richa/Desktop/iapel/docs/html/dir_0c4ee04d587063ecca91a7f35642b9f3_dep.dot" -Tsvg -o "C:/Users/richa/Desktop/iapel/docs/html/dir_0c4ee04d587063ecca91a7f35642b9f3_dep.svg" -Tcmapx -o "C:/Users/richa/Desktop/iapel/docs/html/dir_0c4ee04d587063ecca91a7f35642b9f3_dep.map"'
C:/Users/richa/Desktop/iapel/docs/html/dir_07d79607a5b3b5e8afcff74e4c422a5d_dep.dot:1: error: Problems running dot: exit code=-1, command='dot.exe', arguments='"C:/Users/richa/Desktop/iapel/docs/html/dir_07d79607a5b3b5e8afcff74e4c422a5d_dep.dot" -Tsvg -o "C:/Users/richa/Desktop/iapel/docs/html/dir_07d79607a5b3b5e8afcff74e4c422a5d_dep.svg" -Tcmapx -o "C:/Users/richa/Desktop/iapel/docs/html/dir_07d79607a5b3b5e8afcff74e4c422a5d_dep.map"'
C:/Users/richa/Desktop/iapel/docs/html/dir_27ba1f74dc73f44d4e9ca42f2dd266ec_dep.dot:1: error: Problems running dot: exit code=-1, command='dot.exe', arguments='"C:/Users/richa/Desktop/iapel/docs/html/dir_27ba1f74dc73f44d4e9ca42f2dd266ec_dep.dot" -Tsvg -o "C:/Users/richa/Desktop/iapel/docs/html/dir_27ba1f74dc73f44d4e9ca42f2dd266ec_dep.svg" -Tcmapx -o "C:/Users/richa/Desktop/iapel/docs/html/dir_27ba1f74dc73f44d4e9ca42f2dd266ec_dep.map"'
C:/Users/richa/Desktop/iapel/docs/html/graph_legend.dot:1: error: Problems running dot: exit code=-1, command='dot.exe', arguments='"C:/Users/richa/Desktop/iapel/docs/html/graph_legend.dot" -Tsvg -o "C:/Users/richa/Desktop/iapel/docs/html/graph_legend.svg"'
C:/Users/richa/Desktop/iapel/docs/html/dir_ef2b2488ec94a4625ca5ab9839baa414_dep.dot:1: error: Problems running dot: exit code=-1, command='dot.exe', arguments='"C:/Users/richa/Desktop/iapel/docs/html/dir_ef2b2488ec94a4625ca5ab9839baa414_dep.dot" -Tsvg -o "C:/Users/richa/Desktop/iapel/docs/html/dir_ef2b2488ec94a4625ca5ab9839baa414_dep.svg" -Tcmapx -o "C:/Users/richa/Desktop/iapel/docs/html/dir_ef2b2488ec94a4625ca5ab9839baa414_dep.map"'
C:/Users/richa/Desktop/iapel/docs/html/dir_fc6199fba97859a095e1d9a5aa5fae23_dep.dot:1: error: Problems running dot: exit code=-1, command='dot.exe', arguments='"C:/Users/richa/Desktop/iapel/docs/html/dir_fc6199fba97859a095e1d9a5aa5fae23_dep.dot" -Tsvg -o "C:/Users/richa/Desktop/iapel/docs/html/dir_fc6199fba97859a095e1d9a5aa5fae23_dep.svg" -Tcmapx -o "C:/Users/richa/Desktop/iapel/docs/html/dir_fc6199fba97859a095e1d9a5aa5fae23_dep.map"'
C:/Users/richa/Desktop/iapel/docs/html/inherit_graph_1.dot:1: error: Problems running dot: exit code=-1, command='dot.exe', arguments='"C:/Users/richa/Desktop/iapel/docs/html/inherit_graph_1.dot" -Tsvg -o "C:/Users/richa/Desktop/iapel/docs/html/inherit_graph_1.svg" -Tcmapx -o "C:/Users/richa/Desktop/iapel/docs/html/inherit_graph_1.map"'
C:/Users/richa/Desktop/iapel/docs/html/inherit_graph_2.dot:1: error: Problems running dot: exit code=-1, command='dot.exe', arguments='"C:/Users/richa/Desktop/iapel/docs/html/inherit_graph_2.dot" -Tsvg -o "C:/Users/richa/Desktop/iapel/docs/html/inherit_graph_2.svg" -Tcmapx -o "C:/Users/richa/Desktop/iapel/docs/html/inherit_graph_2.map"'
C:/Users/richa/Desktop/iapel/docs/html/inherit_graph_0.dot:1: error: Problems running dot: exit code=-1, command='dot.exe', arguments='"C:/Users/richa/Desktop/iapel/docs/html/inherit_graph_0.dot" -Tsvg -o "C:/Users/richa/Desktop/iapel/docs/html/inherit_graph_0.svg" -Tcmapx -o "C:/Users/richa/Desktop/iapel/docs/html/inherit_graph_0.map"'
C:/Users/richa/Desktop/iapel/docs/html/inherit_graph_3.dot:1: error: Problems running dot: exit code=-1, command='dot.exe', arguments='"C:/Users/richa/Desktop/iapel/docs/html/inherit_graph_3.dot" -Tsvg -o "C:/Users/richa/Desktop/iapel/docs/html/inherit_graph_3.svg" -Tcmapx -o "C:/Users/richa/Desktop/iapel/docs/html/inherit_graph_3.map"'
C:/Users/richa/Desktop/iapel/docs/html/inherit_graph_4.dot:1: error: Problems running dot: exit code=-1, command='dot.exe', arguments='"C:/Users/richa/Desktop/iapel/docs/html/inherit_graph_4.dot" -Tsvg -o "C:/Users/richa/Desktop/iapel/docs/html/inherit_graph_4.svg" -Tcmapx -o "C:/Users/richa/Desktop/iapel/docs/html/inherit_graph_4.map"'
C:/Users/richa/Desktop/iapel/docs/html/inherit_graph_5.dot:1: error: Problems running dot: exit code=-1, command='dot.exe', arguments='"C:/Users/richa/Desktop/iapel/docs/html/inherit_graph_5.dot" -Tsvg -o "C:/Users/richa/Desktop/iapel/docs/html/inherit_graph_5.svg" -Tcmapx -o "C:/Users/richa/Desktop/iapel/docs/html/inherit_graph_5.map"'
C:/Users/richa/Desktop/iapel/docs/html/inherit_graph_6.dot:1: error: Problems running dot: exit code=-1, command='dot.exe', arguments='"C:/Users/richa/Desktop/iapel/docs/html/inherit_graph_6.dot" -Tsvg -o "C:/Users/richa/Desktop/iapel/docs/html/inherit_graph_6.svg" -Tcmapx -o "C:/Users/richa/Desktop/iapel/docs/html/inherit_graph_6.map"'
error: Failed to rename file C:/Users/richa/Desktop/iapel/docs/html/d0/d2c/classApp_1_1Http_1_1Controllers_1_1DevisController__coll__graph.svg to C:/Users/richa/Desktop/iapel/docs/html/d0/d2c/classApp_1_1Http_1_1Controllers_1_1DevisController__coll__graph.svg.tmp!
